╰─ sui client call --package $PACKAGE_ID --module access --function init_registry --gas-budget 10000000

Transaction Digest: 6eTY2GegWyNapyxirap3Tb8AFmbXMnof4vtXs9eV5RHc
╭─────────────────────────────────────────────────────────────────────────────────────────────╮
│ Transaction Data                                                                            │
├─────────────────────────────────────────────────────────────────────────────────────────────┤
│ Sender: 0x33036d17a0f59a8ddfc4f2d2188d91be167c6aa16be1af0a11a00c06a6e6e532                  │
│ Gas Owner: 0x33036d17a0f59a8ddfc4f2d2188d91be167c6aa16be1af0a11a00c06a6e6e532               │
│ Gas Budget: 10000000 MIST                                                                   │
│ Gas Price: 1000 MIST                                                                        │
│ Gas Payment:                                                                                │
│  ┌──                                                                                        │
│  │ ID: 0x131f6556b9ec0c27daaec71a56143436d0a813564feba8426b9e79b481d36574                   │
│  │ Version: 435197391                                                                       │
│  │ Digest: 9ZtAK2787bz89EvWjU6JiScavivFWR9jTJuUsfpmkJ9G                                     │
│  └──                                                                                        │
│                                                                                             │
│ Transaction Kind: Programmable                                                              │
│   No input objects for this transaction                                                     │
│ ╭──────────────────────────────────────────────────────────────────────────────────╮        │
│ │ Commands                                                                         │        │
│ ├──────────────────────────────────────────────────────────────────────────────────┤        │
│ │ 0  MoveCall:                                                                     │        │
│ │  ┌                                                                               │        │
│ │  │ Function:  init_registry                                                      │        │
│ │  │ Module:    access                                                             │        │
│ │  │ Package:   0x040e550205820846970d5dcc1490911c85aacef73b819d66d9f76fd779219184 │        │
│ │  └                                                                               │        │
│ ╰──────────────────────────────────────────────────────────────────────────────────╯        │
│                                                                                             │
│ Signatures:                                                                                 │
│    T3+KilfNq9dxAtnj3OEm68Spw5rJGIf83ZtgGjjQIsNSey8w9umdW1JtsMvB+S5Hq4YsalqavU98ir7gd2OW3Q== │
│                                                                                             │
╰─────────────────────────────────────────────────────────────────────────────────────────────╯
╭───────────────────────────────────────────────────────────────────────────────────────────────────╮
│ Transaction Effects                                                                               │
├───────────────────────────────────────────────────────────────────────────────────────────────────┤
│ Digest: 6eTY2GegWyNapyxirap3Tb8AFmbXMnof4vtXs9eV5RHc                                              │
│ Status: Success                                                                                   │
│ Executed Epoch: 747                                                                               │
│                                                                                                   │
│ Created Objects:                                                                                  │
│  ┌──                                                                                              │
│  │ ID: 0x8ef28e813a10aabf456a7f188ab60e08233fcf2c7a527436485e6ce007de651f                         │
│  │ Owner: Shared( 435197392 )                                                                     │
│  │ Version: 435197392                                                                             │
│  │ Digest: FC2vvm2Wi2C2ep3RrCRG6qn5H79moqzu9aoXENGBgPEU                                           │
│  └──                                                                                              │
│ Mutated Objects:                                                                                  │
│  ┌──                                                                                              │
│  │ ID: 0x131f6556b9ec0c27daaec71a56143436d0a813564feba8426b9e79b481d36574                         │
│  │ Owner: Account Address ( 0x33036d17a0f59a8ddfc4f2d2188d91be167c6aa16be1af0a11a00c06a6e6e532 )  │
│  │ Version: 435197392                                                                             │
│  │ Digest: DCJnUGwVAMpWRWuYWzEuZpZNmJkpPcpobP6NajGk5NuB                                           │
│  └──                                                                                              │
│ Gas Object:                                                                                       │
│  ┌──                                                                                              │
│  │ ID: 0x131f6556b9ec0c27daaec71a56143436d0a813564feba8426b9e79b481d36574                         │
│  │ Owner: Account Address ( 0x33036d17a0f59a8ddfc4f2d2188d91be167c6aa16be1af0a11a00c06a6e6e532 )  │
│  │ Version: 435197392                                                                             │
│  │ Digest: DCJnUGwVAMpWRWuYWzEuZpZNmJkpPcpobP6NajGk5NuB                                           │
│  └──                                                                                              │
│ Gas Cost Summary:                                                                                 │
│    Storage Cost: 2637200 MIST                                                                     │
│    Computation Cost: 1000000 MIST                                                                 │
│    Storage Rebate: 978120 MIST                                                                    │
│    Non-refundable Storage Fee: 9880 MIST                                                          │
│                                                                                                   │
│ Transaction Dependencies:                                                                         │
│    2W6B6BiFNgCqaY4DmMeFGaGxXWeqZK1aEEktFnwXmgDg                                                   │
╰───────────────────────────────────────────────────────────────────────────────────────────────────╯
╭─────────────────────────────╮
│ No transaction block events │
╰─────────────────────────────╯

╭───────────────────────────────────────────────────────────────────────────────────────────────────────────╮
│ Object Changes                                                                                            │
├───────────────────────────────────────────────────────────────────────────────────────────────────────────┤
│ Created Objects:                                                                                          │
│  ┌──                                                                                                      │
│  │ ObjectID: 0x8ef28e813a10aabf456a7f188ab60e08233fcf2c7a527436485e6ce007de651f                           │
│  │ Sender: 0x33036d17a0f59a8ddfc4f2d2188d91be167c6aa16be1af0a11a00c06a6e6e532                             │
│  │ Owner: Shared( 435197392 )                                                                             │
│  │ ObjectType: 0x40e550205820846970d5dcc1490911c85aacef73b819d66d9f76fd779219184::access::AccessRegistry  │
│  │ Version: 435197392                                                                                     │
│  │ Digest: FC2vvm2Wi2C2ep3RrCRG6qn5H79moqzu9aoXENGBgPEU                                                   │
│  └──                                                                                                      │
│ Mutated Objects:                                                                                          │
│  ┌──                                                                                                      │
│  │ ObjectID: 0x131f6556b9ec0c27daaec71a56143436d0a813564feba8426b9e79b481d36574                           │
│  │ Sender: 0x33036d17a0f59a8ddfc4f2d2188d91be167c6aa16be1af0a11a00c06a6e6e532                             │
│  │ Owner: Account Address ( 0x33036d17a0f59a8ddfc4f2d2188d91be167c6aa16be1af0a11a00c06a6e6e532 )          │
│  │ ObjectType: 0x2::coin::Coin<0x2::sui::SUI>                                                             │
│  │ Version: 435197392                                                                                     │
│  │ Digest: DCJnUGwVAMpWRWuYWzEuZpZNmJkpPcpobP6NajGk5NuB                                                   │
│  └──                                                                                                      │
╰───────────────────────────────────────────────────────────────────────────────────────────────────────────╯
╭───────────────────────────────────────────────────────────────────────────────────────────────────╮
│ Balance Changes                                                                                   │
├───────────────────────────────────────────────────────────────────────────────────────────────────┤
│  ┌──                                                                                              │
│  │ Owner: Account Address ( 0x33036d17a0f59a8ddfc4f2d2188d91be167c6aa16be1af0a11a00c06a6e6e532 )  │
│  │ CoinType: 0x2::sui::SUI                                                                        │
│  │ Amount: -2659080                                                                               │
│  └──                                                                                              │
╰───────────────────────────────────────────────────────────────────────────────────────────────────╯