╭──────────────────────────────────────────────────────────────────────────────────────────────────────────────╮
│ Transaction Data                                                                                             │
├──────────────────────────────────────────────────────────────────────────────────────────────────────────────┤
│ Sender: 0x33036d17a0f59a8ddfc4f2d2188d91be167c6aa16be1af0a11a00c06a6e6e532                                   │
│ Gas Owner: 0x33036d17a0f59a8ddfc4f2d2188d91be167c6aa16be1af0a11a00c06a6e6e532                                │
│ Gas Budget: 100000000 MIST                                                                                   │
│ Gas Price: 1000 MIST                                                                                         │
│ Gas Payment:                                                                                                 │
│  ┌──                                                                                                         │
│  │ ID: 0x131f6556b9ec0c27daaec71a56143436d0a813564feba8426b9e79b481d36574                                    │
│  │ Version: 435197388                                                                                        │
│  │ Digest: 8KxXdVJMTdQHknfnQBFi4f7UZr1RoswEDA49MBgdyoNW                                                      │
│  └──                                                                                                         │
│                                                                                                              │
│ Transaction Kind: Programmable                                                                               │
│ ╭──────────────────────────────────────────────────────────────────────────────────────────────────────────╮ │
│ │ Input Objects                                                                                            │ │
│ ├──────────────────────────────────────────────────────────────────────────────────────────────────────────┤ │
│ │ 0   Pure Arg: Type: address, Value: "0x33036d17a0f59a8ddfc4f2d2188d91be167c6aa16be1af0a11a00c06a6e6e532" │ │
│ ╰──────────────────────────────────────────────────────────────────────────────────────────────────────────╯ │
│ ╭─────────────────────────────────────────────────────────────────────────╮                                  │
│ │ Commands                                                                │                                  │
│ ├─────────────────────────────────────────────────────────────────────────┤                                  │
│ │ 0  Publish:                                                             │                                  │
│ │  ┌                                                                      │                                  │
│ │  │ Dependencies:                                                        │                                  │
│ │  │   0x0000000000000000000000000000000000000000000000000000000000000001 │                                  │
│ │  │   0x0000000000000000000000000000000000000000000000000000000000000002 │                                  │
│ │  └                                                                      │                                  │
│ │                                                                         │                                  │
│ │ 1  TransferObjects:                                                     │                                  │
│ │  ┌                                                                      │                                  │
│ │  │ Arguments:                                                           │                                  │
│ │  │   Result 0                                                           │                                  │
│ │  │ Address: Input  0                                                    │                                  │
│ │  └                                                                      │                                  │
│ ╰─────────────────────────────────────────────────────────────────────────╯                                  │
│                                                                                                              │
│ Signatures:                                                                                                  │
│    xE4DCUt49dPnc+scEmIFubjWFa8XWZEpSb9FQsjb1HVUtIpKyAR5PjKM44iDbpqXRmjTy/RalDyNH1VfeCzemw==                  │
│                                                                                                              │
╰──────────────────────────────────────────────────────────────────────────────────────────────────────────────╯
╭───────────────────────────────────────────────────────────────────────────────────────────────────╮
│ Transaction Effects                                                                               │
├───────────────────────────────────────────────────────────────────────────────────────────────────┤
│ Digest: e8EpW8poDZ41D1XCn51yEtihxskeCHtEK1Xgp4B81Ry                                               │
│ Status: Success                                                                                   │
│ Executed Epoch: 745                                                                               │
│                                                                                                   │
│ Created Objects:                                                                                  │
│  ┌──                                                                                              │
│  │ ID: 0x6a5457e6ae6420b1228deabcad970d352349a062c504b4e179d16d67e0689d0e                         │
│  │ Owner: Account Address ( 0x33036d17a0f59a8ddfc4f2d2188d91be167c6aa16be1af0a11a00c06a6e6e532 )  │
│  │ Version: 435197389                                                                             │
│  │ Digest: GhR7axrf1ieh6gSVPKmtb4JS6nAHNLgo8EQA4yfGYvLK                                           │
│  └──                                                                                              │
│  ┌──                                                                                              │
│  │ ID: 0x6f9119f63ada174f85c8d585e0f9a0329e14f443626fffbe99919ca3687d81ff                         │
│  │ Owner: Immutable                                                                               │
│  │ Version: 1                                                                                     │
│  │ Digest: CYQNL6g2pAHQtiUph6zk9TD1avy4p4BtxDLjCndqGaoJ                                           │
│  └──                                                                                              │
│ Mutated Objects:                                                                                  │
│  ┌──                                                                                              │
│  │ ID: 0x131f6556b9ec0c27daaec71a56143436d0a813564feba8426b9e79b481d36574                         │
│  │ Owner: Account Address ( 0x33036d17a0f59a8ddfc4f2d2188d91be167c6aa16be1af0a11a00c06a6e6e532 )  │
│  │ Version: 435197389                                                                             │
│  │ Digest: DMaW1YJCRgcAs8HU9Fnk9gqhNLgLx8NU16cxh7xmJSFW                                           │
│  └──                                                                                              │
│ Gas Object:                                                                                       │
│  ┌──                                                                                              │
│  │ ID: 0x131f6556b9ec0c27daaec71a56143436d0a813564feba8426b9e79b481d36574                         │
│  │ Owner: Account Address ( 0x33036d17a0f59a8ddfc4f2d2188d91be167c6aa16be1af0a11a00c06a6e6e532 )  │
│  │ Version: 435197389                                                                             │
│  │ Digest: DMaW1YJCRgcAs8HU9Fnk9gqhNLgLx8NU16cxh7xmJSFW                                           │
│  └──                                                                                              │
│ Gas Cost Summary:                                                                                 │
│    Storage Cost: 37468000 MIST                                                                    │
│    Computation Cost: 1000000 MIST                                                                 │
│    Storage Rebate: 978120 MIST                                                                    │
│    Non-refundable Storage Fee: 9880 MIST                                                          │
│                                                                                                   │
│ Transaction Dependencies:                                                                         │
│    6pZ2bpkwLwnCH4qdHS1NcJypXLFUNvSHRKfKXhZvXQuo                                                   │
│    8GxJsh2Z34PMNFNDbAjFgwYvFjfoFmGkKK5F61m9zaPn                                                   │
│    CKeMz4oNukee9SqFhQ4f4xstG3rvqdoWouD4GsnRDc7r                                                   │
╰───────────────────────────────────────────────────────────────────────────────────────────────────╯
╭─────────────────────────────╮
│ No transaction block events │
╰─────────────────────────────╯

╭──────────────────────────────────────────────────────────────────────────────────────────────────╮
│ Object Changes                                                                                   │
├──────────────────────────────────────────────────────────────────────────────────────────────────┤
│ Created Objects:                                                                                 │
│  ┌──                                                                                             │
│  │ ObjectID: 0x6a5457e6ae6420b1228deabcad970d352349a062c504b4e179d16d67e0689d0e                  │
│  │ Sender: 0x33036d17a0f59a8ddfc4f2d2188d91be167c6aa16be1af0a11a00c06a6e6e532                    │
│  │ Owner: Account Address ( 0x33036d17a0f59a8ddfc4f2d2188d91be167c6aa16be1af0a11a00c06a6e6e532 ) │
│  │ ObjectType: 0x2::package::UpgradeCap                                                          │
│  │ Version: 435197389                                                                            │
│  │ Digest: GhR7axrf1ieh6gSVPKmtb4JS6nAHNLgo8EQA4yfGYvLK                                          │
│  └──                                                                                             │
│ Mutated Objects:                                                                                 │
│  ┌──                                                                                             │
│  │ ObjectID: 0x131f6556b9ec0c27daaec71a56143436d0a813564feba8426b9e79b481d36574                  │
│  │ Sender: 0x33036d17a0f59a8ddfc4f2d2188d91be167c6aa16be1af0a11a00c06a6e6e532                    │
│  │ Owner: Account Address ( 0x33036d17a0f59a8ddfc4f2d2188d91be167c6aa16be1af0a11a00c06a6e6e532 ) │
│  │ ObjectType: 0x2::coin::Coin<0x2::sui::SUI>                                                    │
│  │ Version: 435197389                                                                            │
│  │ Digest: DMaW1YJCRgcAs8HU9Fnk9gqhNLgLx8NU16cxh7xmJSFW                                          │
│  └──                                                                                             │
│ Published Objects:                                                                               │
│  ┌──                                                                                             │
│  │ PackageID: 0x6f9119f63ada174f85c8d585e0f9a0329e14f443626fffbe99919ca3687d81ff                 │
│  │ Version: 1                                                                                    │
│  │ Digest: CYQNL6g2pAHQtiUph6zk9TD1avy4p4BtxDLjCndqGaoJ                                          │
│  │ Modules: access, nft, storage, utils                                                          │
│  └──                                                                                             │
╰──────────────────────────────────────────────────────────────────────────────────────────────────╯
╭───────────────────────────────────────────────────────────────────────────────────────────────────╮
│ Balance Changes                                                                                   │
├───────────────────────────────────────────────────────────────────────────────────────────────────┤
│  ┌──                                                                                              │
│  │ Owner: Account Address ( 0x33036d17a0f59a8ddfc4f2d2188d91be167c6aa16be1af0a11a00c06a6e6e532 )  │
│  │ CoinType: 0x2::sui::SUI                                                                        │
│  │ Amount: -37489880                                                                              │
│  └──                                                                                              │
╰───────────────────────────────────────────────────────────────────────────────────────────────────╯