2025-05-26 13:30:41,221 - flow_executor - INFO - Executing start element: Start Block (start_node)
2025-05-26 13:30:41,222 - flow_executor - INFO - Executing chat input element: User Input (chat_input)
2025-05-26 13:30:41,223 - flow_executor - INFO - Executing context history element: Conversation Context (context_history)
2025-05-26 13:30:46,812 - flow_executor - INFO - Executing end element: End Block (end_node)
2025-05-26 13:30:46,813 - flow_executor - INFO - Flow simple_ai_flow execution completed successfully
2025-05-26 14:27:34,095 - flow_executor - INFO - Executing start element: Start Block (start_node)
2025-05-26 14:27:34,096 - flow_executor - INFO - Executing chat input element: User Input (chat_input)
2025-05-26 14:27:34,097 - flow_executor - INFO - Executing context history element: Conversation Context (context_history)
2025-05-26 14:27:36,184 - flow_executor - INFO - Executing end element: End Block (end_node)
2025-05-26 14:27:36,185 - flow_executor - INFO - Flow simple_ai_flow execution completed successfully
2025-05-26 14:28:21,220 - flow_executor - INFO - Executing start element: Start Block (start_node)
2025-05-26 14:28:21,221 - flow_executor - INFO - Executing chat input element: User Input (chat_input)
2025-05-26 14:28:21,221 - flow_executor - INFO - Executing context history element: Conversation Context (context_history)
2025-05-26 14:28:26,322 - flow_executor - INFO - Executing end element: End Block (end_node)
2025-05-26 14:28:26,323 - flow_executor - INFO - Flow simple_ai_flow execution completed successfully
2025-05-26 14:30:36,157 - flow_executor - INFO - Executing start element: Start Block (start_node)
2025-05-26 14:30:36,158 - flow_executor - INFO - Executing chat input element: User Input (chat_input)
2025-05-26 14:30:36,158 - flow_executor - INFO - Executing context history element: Conversation Context (context_history)
2025-05-26 14:30:39,066 - flow_executor - INFO - Executing end element: End Block (end_node)
2025-05-26 14:30:39,067 - flow_executor - INFO - Flow simple_ai_flow execution completed successfully
2025-05-26 14:31:34,079 - flow_executor - INFO - Executing start element: Start Block (start_node)
2025-05-26 14:31:34,080 - flow_executor - INFO - Executing chat input element: User Input (chat_input)
2025-05-26 14:31:34,080 - flow_executor - INFO - Executing context history element: Conversation Context (context_history)
2025-05-26 14:31:36,679 - flow_executor - INFO - Executing end element: End Block (end_node)
2025-05-26 14:31:36,680 - flow_executor - INFO - Flow simple_ai_flow execution completed successfully
2025-05-26 14:31:48,456 - flow_executor - INFO - Executing start element: Start Block (start_node)
2025-05-26 14:31:48,456 - flow_executor - INFO - Executing chat input element: User Input (chat_input)
2025-05-26 14:31:48,456 - flow_executor - INFO - Executing context history element: Conversation Context (context_history)
2025-05-26 14:31:50,663 - flow_executor - INFO - Executing end element: End Block (end_node)
2025-05-26 14:31:50,664 - flow_executor - INFO - Flow simple_ai_flow execution completed successfully
2025-05-26 14:34:26,054 - flow_executor - INFO - Executing start element: Start Block (start_node)
2025-05-26 14:34:26,055 - flow_executor - INFO - Executing chat input element: User Input (chat_input)
2025-05-26 14:34:26,055 - flow_executor - INFO - Executing context history element: Conversation Context (context_history)
2025-05-26 14:34:27,770 - flow_executor - INFO - Executing end element: End Block (end_node)
2025-05-26 14:34:27,771 - flow_executor - INFO - Flow simple_ai_flow execution completed successfully
2025-05-26 14:34:49,689 - flow_executor - INFO - Executing start element: Start Block (start_node)
2025-05-26 14:34:49,689 - flow_executor - INFO - Executing chat input element: User Input (chat_input)
2025-05-26 14:34:49,690 - flow_executor - INFO - Executing context history element: Conversation Context (context_history)
2025-05-26 14:34:53,801 - flow_executor - INFO - Executing end element: End Block (end_node)
2025-05-26 14:34:53,802 - flow_executor - INFO - Flow simple_ai_flow execution completed successfully
2025-05-26 14:36:28,635 - flow_executor - INFO - Executing start element: Start Block (start_node)
2025-05-26 14:36:28,635 - flow_executor - INFO - Executing chat input element: User Input (chat_input)
2025-05-26 14:36:28,636 - flow_executor - INFO - Executing context history element: Conversation Context (context_history)
2025-05-26 14:36:32,751 - flow_executor - INFO - Executing end element: End Block (end_node)
2025-05-26 14:36:32,751 - flow_executor - INFO - Flow simple_ai_flow execution completed successfully
2025-05-26 14:40:10,145 - flow_executor - INFO - Executing start element: Start Block (start_node)
2025-05-26 14:40:10,145 - flow_executor - INFO - Executing chat input element: User Input (chat_input)
2025-05-26 14:40:10,146 - flow_executor - INFO - Executing context history element: Conversation Context (context_history)
2025-05-26 14:40:11,733 - flow_executor - INFO - Executing end element: End Block (end_node)
2025-05-26 14:40:11,734 - flow_executor - INFO - Flow simple_ai_flow execution completed successfully
2025-05-26 14:41:53,238 - flow_executor - INFO - Executing start element: Start Block (start_node)
2025-05-26 14:41:53,239 - flow_executor - INFO - Executing chat input element: User Input (chat_input)
2025-05-26 14:41:53,249 - flow_executor - INFO - Executing context history element: Conversation Context (context_history)
2025-05-26 14:41:55,542 - flow_executor - INFO - Executing end element: End Block (end_node)
2025-05-26 14:41:55,543 - flow_executor - INFO - Flow simple_ai_flow execution completed successfully
2025-05-26 14:42:48,643 - flow_executor - INFO - Executing start element: Start Block (start_node)
2025-05-26 14:42:48,644 - flow_executor - INFO - Executing chat input element: User Input (chat_input)
2025-05-26 14:42:48,644 - flow_executor - INFO - Executing context history element: Conversation Context (context_history)
2025-05-26 14:42:50,365 - flow_executor - INFO - Executing end element: End Block (end_node)
2025-05-26 14:42:50,365 - flow_executor - INFO - Flow simple_ai_flow execution completed successfully
2025-05-26 14:43:28,769 - flow_executor - INFO - Executing start element: Start Block (start_node)
2025-05-26 14:43:28,770 - flow_executor - INFO - Executing chat input element: User Input (chat_input)
2025-05-26 14:43:28,770 - flow_executor - INFO - Executing context history element: Conversation Context (context_history)
2025-05-26 14:43:30,656 - flow_executor - INFO - Executing end element: End Block (end_node)
2025-05-26 14:43:30,656 - flow_executor - INFO - Flow simple_ai_flow execution completed successfully
2025-05-26 14:44:42,586 - flow_executor - INFO - Executing start element: Start Block (start_node)
2025-05-26 14:44:42,587 - flow_executor - INFO - Executing chat input element: User Input (chat_input)
2025-05-26 14:44:42,587 - flow_executor - INFO - Executing context history element: Conversation Context (context_history)
2025-05-26 14:44:44,399 - flow_executor - INFO - Executing end element: End Block (end_node)
2025-05-26 14:44:44,400 - flow_executor - INFO - Flow simple_ai_flow execution completed successfully
2025-05-26 14:44:50,756 - flow_executor - INFO - Executing start element: Start Block (start_node)
2025-05-26 14:44:50,756 - flow_executor - INFO - Executing chat input element: User Input (chat_input)
2025-05-26 14:44:50,757 - flow_executor - INFO - Executing context history element: Conversation Context (context_history)
2025-05-26 14:44:52,088 - flow_executor - INFO - Executing end element: End Block (end_node)
2025-05-26 14:44:52,089 - flow_executor - INFO - Flow simple_ai_flow execution completed successfully
2025-05-26 14:45:10,115 - flow_executor - INFO - Executing start element: Start Block (start_node)
2025-05-26 14:45:10,116 - flow_executor - INFO - Executing chat input element: User Input (chat_input)
2025-05-26 14:45:10,116 - flow_executor - INFO - Executing context history element: Conversation Context (context_history)
2025-05-26 14:45:11,797 - flow_executor - INFO - Executing end element: End Block (end_node)
2025-05-26 14:45:11,797 - flow_executor - INFO - Flow simple_ai_flow execution completed successfully
2025-05-26 14:45:26,175 - flow_executor - INFO - Executing start element: Start Block (start_node)
2025-05-26 14:45:26,175 - flow_executor - INFO - Executing chat input element: User Input (chat_input)
2025-05-26 14:45:26,175 - flow_executor - INFO - Executing context history element: Conversation Context (context_history)
2025-05-26 14:45:28,754 - flow_executor - INFO - Executing end element: End Block (end_node)
2025-05-26 14:45:28,755 - flow_executor - INFO - Flow simple_ai_flow execution completed successfully
